<?xml version="1.0" encoding="UTF-8"?>
<!-- Generated by org.testng.reporters.JUnitReportReporter -->
<testsuite hostname="MDC-Alexeid-M" failures="0" tests="3" name="student.examples.CalculationServiceTest" time="0.002" errors="0" timestamp="2024-06-13T20:45:31 EEST" skipped="0">
  <testcase classname="student.examples.CalculationServiceTest" name="testSumOfArray" time="0.001"/>
  <testcase classname="student.examples.CalculationServiceTest" name="testSumOfList" time="0.001"/>
  <testcase classname="student.examples.CalculationServiceTest" name="testSumOfTwo" time="0.000"/>
</testsuite> <!-- student.examples.CalculationServiceTest -->
