<?xml version="1.0" encoding="UTF-8"?>
<!-- Generated by org.testng.reporters.JUnitReportReporter -->
<testsuite hostname="MDC-Alexeid-M" failures="0" tests="3" name="student.examples.CalculationServiceDBTest" time="0.013" errors="0" timestamp="2024-06-13T20:45:31 EEST" skipped="0">
  <testcase classname="student.examples.CalculationServiceDBTest" name="testSumOfArray" time="0.010"/>
  <testcase classname="student.examples.CalculationServiceDBTest" name="testSumOfList" time="0.002"/>
  <testcase classname="student.examples.CalculationServiceDBTest" name="testSumOfTwo" time="0.001"/>
</testsuite> <!-- student.examples.CalculationServiceDBTest -->
