<?xml version="1.0" encoding="UTF-8"?>
<!-- Generated by org.testng.reporters.JUnitReportReporter -->
<testsuite hostname="MDC-Alexeid-M" failures="0" tests="1" name="student.examples.DeviceIdentificationTest" time="0.005" errors="0" timestamp="2024-06-12T23:04:04 EEST" skipped="0">
  <testcase classname="student.examples.DeviceIdentificationTest" name="testNegativeID" time="0.005"/>
</testsuite> <!-- student.examples.DeviceIdentificationTest -->
