<?xml version="1.0" encoding="UTF-8"?>
<!-- Generated by org.testng.reporters.JUnitReportReporter -->
<testsuite hostname="MDC-Alexeid-M" failures="0" tests="2" name="student.examples.HasBatteryTest" time="0.002" errors="0" timestamp="2024-06-12T23:04:04 EEST" skipped="0">
  <testcase classname="student.examples.HasBatteryTest" name="testOvercharge" time="0.002"/>
  <testcase classname="student.examples.HasBatteryTest" name="testOverDischarge" time="0.000"/>
</testsuite> <!-- student.examples.HasBatteryTest -->
