<?xml version="1.0" encoding="UTF-8"?>
<!-- Generated by org.testng.reporters.JUnitReportReporter -->
<testsuite hostname="MDC-Alexeid-M" failures="0" tests="3" name="student.examples.HasPowerStatesTest" time="0.015" errors="0" timestamp="2024-06-12T23:04:04 EEST" skipped="0">
  <testcase classname="student.examples.HasPowerStatesTest" name="testIsOn" time="0.012"/>
  <testcase classname="student.examples.HasPowerStatesTest" name="testSwitchoff" time="0.002"/>
  <testcase classname="student.examples.HasPowerStatesTest" name="testSwitchOn" time="0.001"/>
</testsuite> <!-- student.examples.HasPowerStatesTest -->
